
ROM used:   2056/16384 (6%)
            2056/16384 (6%) including unused fragments

            1.2 Average locations per line
            11.1 Average locations per statement

RAM used:   41/1536 (3%) at main() level
            93/1536 (6%) worst case

Stack used: 1 worst case (0 in main + 1 for interrupts)
Stack size: 31

Lines Stmts  %   Files
----- ----- ---  -----
   92    49  26  main.c
  766     0   0  C:\Program Files (x86)\PICC\Devices\18F458.h
  465   137  74  C:\Program Files (x86)\PICC\Drivers\can-18xxx8.c
  377     0   0  C:\Program Files (x86)\PICC\Drivers\can-18xxx8.h
----- -----
 1700   186 Total

Page ROM  %  RAM   Vol Diff  Functions:
---- --- --- ---   --- ----  ----------
0    220   5    1  1216  5.3  can_init
0     48   1    0   255  2.3  can_set_baud
0     34   1    2    76  3.1  can_set_mode
0    304   7   13  1128  6.5  can_set_id
0    482  12   14   762  9.7  can_get_id
0    192   5   17  1074  8.6  can_putd
 Inline        14  1620  7.3  can_getd
0     40   1    1             @delay_ms1
0     16   0    0    32  1.0  isr
0    302   7    0   270  5.8  canrx0_int
0    260   6    1  1197  5.4  MAIN
 Inline         0             @cinit1

Program metrics:
    Functions               10
    Statements              186
    Comments                594
    Volume (V)              11230
    Difficulty (D)          54.8
    Effort to implement (E) 615498
    Time to implement (T)   9 hours, 30 minutes
    Est Delivered Bugs (B)  2
    Cyclomatic Complexity   16
    Maintainability (MI)    57

 Segment     Used  Free
-----------  ----  ----
00000-00002     4  0  
00004-00006     0  4  
00008-000A0   154  0  
000A2-07FFE  1898  30708  



